<?xml version="1.0" encoding="UTF-8"?>
<!-- Generated by org.testng.reporters.JUnitReportReporter -->
<testsuite hostname="LAPTOP-L3UUKTV5" failures="0" tests="2" name="tests.AddProducts" time="23.259" errors="0" timestamp="2024-03-07T13:08:25 MEZ" skipped="0">
  <testcase classname="tests.AddProducts" name="AddItemToFav" time="10.018"/>
  <testcase classname="tests.AddProducts" name="VerifyProductisAddedtoFav" time="13.241"/>
</testsuite> <!-- tests.AddProducts -->
