<?xml version="1.0" encoding="UTF-8"?>
<!-- Generated by org.testng.reporters.JUnitReportReporter -->
<testsuite hostname="LAPTOP-L3UUKTV5" failures="0" tests="3" name="tests.MobileApp" time="32.835" errors="0" timestamp="2024-03-03T17:54:59 MEZ" skipped="0">
  <testcase classname="tests.MobileApp" name="VerifyNewYorkAppisAvailableatGoogleStore" time="10.735"/>
  <testcase classname="tests.MobileApp" name="VerifyNewYorkAppisAvailableatGalaryStore" time="11.665"/>
  <testcase classname="tests.MobileApp" name="VerifyNewYorkAppisAvailableatAppStore" time="10.435"/>
</testsuite> <!-- tests.MobileApp -->
