<?xml version="1.0" encoding="UTF-8"?>
<!-- Generated by org.testng.reporters.JUnitReportReporter -->
<testsuite hostname="LAPTOP-L3UUKTV5" failures="0" tests="2" name="tests.Registration" time="26.351" errors="0" timestamp="2024-03-03T17:24:44 MEZ" skipped="0">
  <testcase classname="tests.Registration" name="RegisterWithNewUser" time="16.395"/>
  <testcase classname="tests.Registration" name="RegisterExistsUser" time="9.956"/>
</testsuite> <!-- tests.Registration -->
