<?xml version="1.0" encoding="UTF-8"?>
<!-- Generated by org.testng.reporters.JUnitReportReporter -->
<testsuite hostname="LAPTOP-L3UUKTV5" failures="0" tests="3" name="tests.Login" time="16.164" errors="0" timestamp="2024-03-02T12:28:36 MEZ" skipped="0">
  <testcase classname="tests.Login" name="LoginwithValidCredential" time="5.590"/>
  <testcase classname="tests.Login" name="LoginWithInvalidCredential" time="5.476"/>
  <testcase classname="tests.Login" name="LoginWithInvalidCredential" time="5.098"/>
</testsuite> <!-- tests.Login -->
