<?xml version="1.0" encoding="UTF-8"?>
<!-- Generated by org.testng.reporters.JUnitReportReporter -->
<testsuite hostname="LAPTOP-L3UUKTV5" failures="0" tests="2" name="tests.Registration" time="15.695" errors="0" timestamp="2024-03-03T12:31:32 MEZ" skipped="0">
  <testcase classname="tests.Registration" name="RegisterWithNewUser" time="11.149"/>
  <testcase classname="tests.Registration" name="RegisterExistsUser" time="4.546"/>
</testsuite> <!-- tests.Registration -->
