<?xml version="1.0" encoding="UTF-8"?>
<!-- Generated by org.testng.reporters.JUnitReportReporter -->
<testsuite hostname="LAPTOP-L3UUKTV5" failures="0" tests="2" name="tests.AddProducts" time="12.037" errors="0" timestamp="2024-03-03T12:31:32 MEZ" skipped="0">
  <testcase classname="tests.AddProducts" name="AddProduct" time="6.396"/>
  <testcase classname="tests.AddProducts" name="VerifyProductisAddedtoFav" time="5.641"/>
</testsuite> <!-- tests.AddProducts -->
