<?xml version="1.0" encoding="UTF-8"?>
<!-- Generated by org.testng.reporters.JUnitReportReporter -->
<testsuite hostname="LAPTOP-L3UUKTV5" failures="0" tests="1"
	name="tests.SelectCountry" time="1.544" errors="0"
	timestamp="2024-02-27T16:46:53 MEZ" skipped="0">
	<testcase classname="tests.SelectCountry"
		name="GotoNewYorkerHomePage" time="1.544" />
</testsuite> <!-- tests.SelectCountry -->
