<?xml version="1.0" encoding="UTF-8"?>
<!-- Generated by org.testng.reporters.JUnitReportReporter -->
<testsuite hostname="LAPTOP-L3UUKTV5" failures="0" tests="2" name="tests.Login" time="9.569" errors="0" timestamp="2024-03-03T13:02:07 MEZ" skipped="0">
  <testcase classname="tests.Login" name="LoginWithInvalidCredential" time="4.492"/>
  <testcase classname="tests.Login" name="LoginWithInvalidCredential" time="5.077"/>
</testsuite> <!-- tests.Login -->
