<?xml version="1.0" encoding="UTF-8"?>
<!-- Generated by org.testng.reporters.JUnitReportReporter -->
<testsuite hostname="LAPTOP-L3UUKTV5" failures="0" tests="3" name="tests.MobileApp" time="28.013" errors="0" timestamp="2024-03-13T15:19:55 MEZ" skipped="0">
  <testcase classname="tests.MobileApp" name="VerifyNewYorkAppisAvailableatGalaryStore" time="10.324"/>
  <testcase classname="tests.MobileApp" name="VerifyNewYorkAppisAvailableatGoogleStore" time="9.273"/>
  <testcase classname="tests.MobileApp" name="VerifyNewYorkAppisAvailableatAppStore" time="8.416"/>
</testsuite> <!-- tests.MobileApp -->
