<?xml version="1.0" encoding="UTF-8"?>
<!-- Generated by org.testng.reporters.JUnitReportReporter -->
<testsuite hostname="LAPTOP-L3UUKTV5" failures="0" tests="3" name="tests.Login" time="11.953" errors="0" timestamp="2024-03-01T23:24:34 MEZ" skipped="0">
  <testcase classname="tests.Login" name="LoginwithValidCredential" time="4.450"/>
  <testcase classname="tests.Login" name="LoginWithInvalidCredential" time="4.036"/>
  <testcase classname="tests.Login" name="LoginWithInvalidCredential" time="3.467"/>
</testsuite> <!-- tests.Login -->
