<?xml version="1.0" encoding="UTF-8"?>
<!-- Generated by org.testng.reporters.JUnitReportReporter -->
<testsuite hostname="LAPTOP-L3UUKTV5" failures="0" tests="1"
	name="tests.Register" time="0.161" errors="0"
	timestamp="2024-02-26T13:10:11 MEZ" skipped="0">
	<testcase classname="tests.Register" name="open" time="0.161" />
</testsuite> <!-- tests.Register -->
