<?xml version="1.0" encoding="UTF-8"?>
<!-- Generated by org.testng.reporters.JUnitReportReporter -->
<testsuite hostname="LAPTOP-L3UUKTV5" failures="0" tests="1" name="tests.Registration" time="12.204" errors="0" timestamp="2024-03-03T13:05:24 MEZ" skipped="0">
  <testcase classname="tests.Registration" name="RegisterWithNewUser" time="12.204"/>
</testsuite> <!-- tests.Registration -->
