<?xml version="1.0" encoding="UTF-8"?>
<!-- Generated by org.testng.reporters.JUnitReportReporter -->
<testsuite hostname="LAPTOP-L3UUKTV5" failures="0" tests="3" name="tests.Login" time="16.983" errors="0" timestamp="2024-03-03T17:24:44 MEZ" skipped="0">
  <testcase classname="tests.Login" name="LoginwithValidCredential" time="5.695"/>
  <testcase classname="tests.Login" name="LoginWithInvalidCredential" time="5.232"/>
  <testcase classname="tests.Login" name="LoginWithInvalidCredential" time="6.056"/>
</testsuite> <!-- tests.Login -->
