<?xml version="1.0" encoding="UTF-8"?>
<!-- Generated by org.testng.reporters.JUnitReportReporter -->
<testsuite hostname="LAPTOP-L3UUKTV5" failures="0" tests="2" name="tests.AddProducts" time="19.202" errors="0" timestamp="2024-03-03T17:24:44 MEZ" skipped="0">
  <testcase classname="tests.AddProducts" name="AddProduct" time="9.561"/>
  <testcase classname="tests.AddProducts" name="VerifyProductisAddedtoFav" time="9.641"/>
</testsuite> <!-- tests.AddProducts -->
