<?xml version="1.0" encoding="UTF-8"?>
<!-- Generated by org.testng.reporters.JUnitReportReporter -->
<testsuite hostname="LAPTOP-L3UUKTV5" failures="0" tests="3" name="tests.Login" time="23.698" errors="0" timestamp="2024-03-03T17:54:59 MEZ" skipped="0">
  <testcase classname="tests.Login" name="LoginwithValidCredential" time="8.160"/>
  <testcase classname="tests.Login" name="LoginWithInvalidCredential" time="8.606"/>
  <testcase classname="tests.Login" name="LoginWithInvalidCredential" time="6.932"/>
</testsuite> <!-- tests.Login -->
