<?xml version="1.0" encoding="UTF-8"?>
<!-- Generated by org.testng.reporters.JUnitReportReporter -->
<testsuite hostname="LAPTOP-L3UUKTV5" failures="0" tests="3" name="tests.Login" time="13.386" errors="0" timestamp="2024-03-03T12:31:32 MEZ" skipped="0">
  <testcase classname="tests.Login" name="LoginwithValidCredential" time="4.715"/>
  <testcase classname="tests.Login" name="LoginWithInvalidCredential" time="4.346"/>
  <testcase classname="tests.Login" name="LoginWithInvalidCredential" time="4.325"/>
</testsuite> <!-- tests.Login -->
