<?xml version="1.0" encoding="UTF-8"?>
<!-- Generated by org.testng.reporters.JUnitReportReporter -->
<testsuite hostname="LAPTOP-L3UUKTV5" failures="0" tests="3" name="tests.MobileApp" time="39.297" errors="0" timestamp="2024-03-03T17:24:44 MEZ" skipped="0">
  <testcase classname="tests.MobileApp" name="VerifyNewYorkAppisAvailableatGoogleStore" time="14.290"/>
  <testcase classname="tests.MobileApp" name="VerifyNewYorkAppisAvailableatGalaryStore" time="11.985"/>
  <testcase classname="tests.MobileApp" name="VerifyNewYorkAppisAvailableatAppStore" time="13.022"/>
</testsuite> <!-- tests.MobileApp -->
