<?xml version="1.0" encoding="UTF-8"?>
<!-- Generated by org.testng.reporters.JUnitReportReporter -->
<testsuite hostname="LAPTOP-L3UUKTV5" failures="0" tests="1" name="RegisterationTest" time="0.009" errors="0" timestamp="2024-03-01T10:00:39 MEZ" skipped="0">
  <testcase classname="RegisterationTest" name="f" time="0.009"/>
</testsuite> <!-- RegisterationTest -->
