<?xml version="1.0" encoding="UTF-8"?>
<!-- Generated by org.testng.reporters.JUnitReportReporter -->
<testsuite hostname="LAPTOP-L3UUKTV5" failures="0" tests="2" name="tests.Registration" time="16.253" errors="0" timestamp="2024-03-01T23:24:34 MEZ" skipped="0">
  <testcase classname="tests.Registration" name="RegisterWithNewUser" time="12.150"/>
  <testcase classname="tests.Registration" name="RegisterExistsUser" time="4.103"/>
</testsuite> <!-- tests.Registration -->
