<?xml version="1.0" encoding="UTF-8"?>
<!-- Generated by org.testng.reporters.JUnitReportReporter -->
<testsuite hostname="LAPTOP-L3UUKTV5" failures="0" tests="1" name="tests.Login" time="5.094" errors="0" timestamp="2024-03-01T12:08:54 MEZ" skipped="0">
  <testcase classname="tests.Login" name="LoginwithValidCredential" time="5.094"/>
</testsuite> <!-- tests.Login -->
